<?xml version="1.0" encoding="UTF-8"?>
<testsuite name="agh.ics.oop.IMapTest" tests="2" skipped="0" failures="0" errors="0" timestamp="2022-11-17T11:47:56" hostname="LAPTOP-DI8V83VK" time="0.048">
  <properties/>
  <testcase name="RectangularMapTest()" classname="agh.ics.oop.IMapTest" time="0.039"/>
  <testcase name="GrassFieldTest()" classname="agh.ics.oop.IMapTest" time="0.008"/>
  <system-out><![CDATA[]]></system-out>
  <system-err><![CDATA[]]></system-err>
</testsuite>
