<?xml version="1.0" encoding="UTF-8"?>
<testsuite name="agh.ics.oop.IMapTest" tests="2" skipped="0" failures="0" errors="0" timestamp="2022-11-10T12:33:00" hostname="LAPTOP-DI8V83VK" time="0.054">
  <properties/>
  <testcase name="RectangularMapTest()" classname="agh.ics.oop.IMapTest" time="0.044"/>
  <testcase name="GrassFieldTest()" classname="agh.ics.oop.IMapTest" time="0.009"/>
  <system-out><![CDATA[]]></system-out>
  <system-err><![CDATA[]]></system-err>
</testsuite>
